生成启动时间为 2019/12/13 9:06:21。
     1>项目“C:\Users\Linaom\Desktop\Demo\data\测试\测试\测试.vcxproj”在节点 2 上(build 个目标)。
     1>InitializeBuildStatus:
         正在创建“Debug\测试.unsuccessfulbuild”，因为已指定“AlwaysCreate”。
       ClCompile:
         C:\Program Files (x86)\Microsoft Visual Studio 10.0\VC\bin\CL.exe /c /Zi /nologo /W3 /WX- /Od /Oy- /D WIN32 /D _DEBUG /D _CONSOLE /D _UNICODE /D UNICODE /Gm /EHsc /RTC1 /MDd /GS /fp:precise /Zc:wchar_t /Zc:forScope /Fo"Debug\\" /Fd"Debug\vc100.pdb" /Gd /TP /analyze- /errorReport:prompt stru.cpp
         stru.cpp
       ManifestResourceCompile:
         所有输出均为最新。
       Link:
         C:\Program Files (x86)\Microsoft Visual Studio 10.0\VC\bin\link.exe /ERRORREPORT:PROMPT /OUT:"C:\Users\Linaom\Desktop\Demo\data\测试\Debug\测试.exe" /INCREMENTAL /NOLOGO kernel32.lib user32.lib gdi32.lib winspool.lib comdlg32.lib advapi32.lib shell32.lib ole32.lib oleaut32.lib uuid.lib odbc32.lib odbccp32.lib /MANIFEST /ManifestFile:"Debug\测试.exe.intermediate.manifest" /MANIFESTUAC:"level='asInvoker' uiAccess='false'" /DEBUG /PDB:"C:\Users\Linaom\Desktop\Demo\data\测试\Debug\测试.pdb" /SUBSYSTEM:CONSOLE /TLBID:1 /DYNAMICBASE /NXCOMPAT /IMPLIB:"C:\Users\Linaom\Desktop\Demo\data\测试\Debug\测试.lib" /MACHINE:X86 "Debug\测试.exe.embed.manifest.res"
         Debug\stru.obj
       Manifest:
         C:\Program Files (x86)\Microsoft SDKs\Windows\v7.0A\bin\mt.exe /nologo /verbose /out:"Debug\测试.exe.embed.manifest" /manifest "Debug\测试.exe.intermediate.manifest"
         所有输出均为最新。
       LinkEmbedManifest:
         所有输出均为最新。
         测试.vcxproj -> C:\Users\Linaom\Desktop\Demo\data\测试\Debug\测试.exe
       FinalizeBuildStatus:
         正在删除文件“Debug\测试.unsuccessfulbuild”。
         正在对“Debug\测试.lastbuildstate”执行 Touch 任务。
     1>已完成生成项目“C:\Users\Linaom\Desktop\Demo\data\测试\测试\测试.vcxproj”(build 个目标)的操作。

生成成功。

已用时间 00:00:01.37
