C:\USERS\LINAOM\DESKTOP\DEMO\DATA\测试\DEBUG\测试.EXE
C:\USERS\LINAOM\DESKTOP\DEMO\DATA\测试\DEBUG\测试.ILK
C:\USERS\LINAOM\DESKTOP\DEMO\DATA\测试\DEBUG\测试.PDB
C:\Users\Linaom\Desktop\Demo\data\测试\测试\Debug\cl.command.1.tlog
C:\Users\Linaom\Desktop\Demo\data\测试\测试\Debug\CL.read.1.tlog
C:\Users\Linaom\Desktop\Demo\data\测试\测试\Debug\CL.write.1.tlog
C:\Users\Linaom\Desktop\Demo\data\测试\测试\Debug\link.102712.read.1.tlog
C:\Users\Linaom\Desktop\Demo\data\测试\测试\Debug\link.102712.write.1.tlog
C:\Users\Linaom\Desktop\Demo\data\测试\测试\Debug\link.102712-cvtres.read.1.tlog
C:\Users\Linaom\Desktop\Demo\data\测试\测试\Debug\link.102712-cvtres.write.1.tlog
C:\Users\Linaom\Desktop\Demo\data\测试\测试\Debug\link.127424.read.1.tlog
C:\Users\Linaom\Desktop\Demo\data\测试\测试\Debug\link.127424.write.1.tlog
C:\Users\Linaom\Desktop\Demo\data\测试\测试\Debug\link.127424-cvtres.read.1.tlog
C:\Users\Linaom\Desktop\Demo\data\测试\测试\Debug\link.127424-cvtres.write.1.tlog
C:\Users\Linaom\Desktop\Demo\data\测试\测试\Debug\link.166880.read.1.tlog
C:\Users\Linaom\Desktop\Demo\data\测试\测试\Debug\link.166880.write.1.tlog
C:\Users\Linaom\Desktop\Demo\data\测试\测试\Debug\link.166880-cvtres.read.1.tlog
C:\Users\Linaom\Desktop\Demo\data\测试\测试\Debug\link.166880-cvtres.write.1.tlog
C:\Users\Linaom\Desktop\Demo\data\测试\测试\Debug\link.command.1.tlog
C:\Users\Linaom\Desktop\Demo\data\测试\测试\Debug\link.read.1.tlog
C:\Users\Linaom\Desktop\Demo\data\测试\测试\Debug\link.write.1.tlog
C:\Users\Linaom\Desktop\Demo\data\测试\测试\Debug\link-cvtres.read.1.tlog
C:\Users\Linaom\Desktop\Demo\data\测试\测试\Debug\link-cvtres.write.1.tlog
C:\Users\Linaom\Desktop\Demo\data\测试\测试\Debug\mt.command.1.tlog
C:\Users\Linaom\Desktop\Demo\data\测试\测试\Debug\mt.read.1.tlog
C:\Users\Linaom\Desktop\Demo\data\测试\测试\Debug\mt.write.1.tlog
C:\Users\Linaom\Desktop\Demo\data\测试\测试\Debug\rc.command.1.tlog
C:\Users\Linaom\Desktop\Demo\data\测试\测试\Debug\rc.read.1.tlog
C:\Users\Linaom\Desktop\Demo\data\测试\测试\Debug\rc.write.1.tlog
C:\USERS\LINAOM\DESKTOP\DEMO\DATA\测试\测试\DEBUG\STRU.OBJ
C:\Users\Linaom\Desktop\Demo\data\测试\测试\Debug\vc100.idb
C:\USERS\LINAOM\DESKTOP\DEMO\DATA\测试\测试\DEBUG\VC100.PDB
C:\USERS\LINAOM\DESKTOP\DEMO\DATA\测试\测试\DEBUG\测试.EXE.EMBED.MANIFEST
C:\USERS\LINAOM\DESKTOP\DEMO\DATA\测试\测试\DEBUG\测试.EXE.EMBED.MANIFEST.RES
C:\USERS\LINAOM\DESKTOP\DEMO\DATA\测试\测试\DEBUG\测试.EXE.INTERMEDIATE.MANIFEST
C:\Users\Linaom\Desktop\Demo\data\测试\测试\Debug\测试.vcxprojResolveAssemblyReference.cache
C:\Users\Linaom\Desktop\Demo\data\测试\测试\Debug\测试.write.1.tlog
C:\Users\Linaom\Desktop\Demo\data\测试\测试\Debug\测试_manifest.rc
