C:\Users\Linaom\Desktop\Demo\data\通讯录管理系统\Debug\通讯录管理系统.exe
C:\Users\Linaom\Desktop\Demo\data\通讯录管理系统\Debug\通讯录管理系统.ilk
C:\Users\Linaom\Desktop\Demo\data\通讯录管理系统\Debug\通讯录管理系统.pdb
C:\Users\Linaom\Desktop\Demo\data\通讯录管理系统\通讯录管理系统\Debug\cl.command.1.tlog
C:\Users\Linaom\Desktop\Demo\data\通讯录管理系统\通讯录管理系统\Debug\CL.read.1.tlog
C:\Users\Linaom\Desktop\Demo\data\通讯录管理系统\通讯录管理系统\Debug\CL.write.1.tlog
C:\USERS\LINAOM\DESKTOP\DEMO\DATA\通讯录管理系统\通讯录管理系统\DEBUG\DATA.OBJ
C:\Users\Linaom\Desktop\Demo\data\通讯录管理系统\通讯录管理系统\Debug\link.102936.read.1.tlog
C:\Users\Linaom\Desktop\Demo\data\通讯录管理系统\通讯录管理系统\Debug\link.102936.write.1.tlog
C:\Users\Linaom\Desktop\Demo\data\通讯录管理系统\通讯录管理系统\Debug\link.102936-cvtres.read.1.tlog
C:\Users\Linaom\Desktop\Demo\data\通讯录管理系统\通讯录管理系统\Debug\link.102936-cvtres.write.1.tlog
C:\Users\Linaom\Desktop\Demo\data\通讯录管理系统\通讯录管理系统\Debug\link.77844.read.1.tlog
C:\Users\Linaom\Desktop\Demo\data\通讯录管理系统\通讯录管理系统\Debug\link.77844.write.1.tlog
C:\Users\Linaom\Desktop\Demo\data\通讯录管理系统\通讯录管理系统\Debug\link.77844-cvtres.read.1.tlog
C:\Users\Linaom\Desktop\Demo\data\通讯录管理系统\通讯录管理系统\Debug\link.77844-cvtres.write.1.tlog
C:\Users\Linaom\Desktop\Demo\data\通讯录管理系统\通讯录管理系统\Debug\link.command.1.tlog
C:\Users\Linaom\Desktop\Demo\data\通讯录管理系统\通讯录管理系统\Debug\link.read.1.tlog
C:\Users\Linaom\Desktop\Demo\data\通讯录管理系统\通讯录管理系统\Debug\link.write.1.tlog
C:\Users\Linaom\Desktop\Demo\data\通讯录管理系统\通讯录管理系统\Debug\link-cvtres.read.1.tlog
C:\Users\Linaom\Desktop\Demo\data\通讯录管理系统\通讯录管理系统\Debug\link-cvtres.write.1.tlog
C:\Users\Linaom\Desktop\Demo\data\通讯录管理系统\通讯录管理系统\Debug\mt.command.1.tlog
C:\Users\Linaom\Desktop\Demo\data\通讯录管理系统\通讯录管理系统\Debug\mt.read.1.tlog
C:\Users\Linaom\Desktop\Demo\data\通讯录管理系统\通讯录管理系统\Debug\mt.write.1.tlog
C:\Users\Linaom\Desktop\Demo\data\通讯录管理系统\通讯录管理系统\Debug\rc.command.1.tlog
C:\Users\Linaom\Desktop\Demo\data\通讯录管理系统\通讯录管理系统\Debug\rc.read.1.tlog
C:\Users\Linaom\Desktop\Demo\data\通讯录管理系统\通讯录管理系统\Debug\rc.write.1.tlog
C:\Users\Linaom\Desktop\Demo\data\通讯录管理系统\通讯录管理系统\Debug\vc100.idb
C:\USERS\LINAOM\DESKTOP\DEMO\DATA\通讯录管理系统\通讯录管理系统\DEBUG\VC100.PDB
C:\USERS\LINAOM\DESKTOP\DEMO\DATA\通讯录管理系统\通讯录管理系统\DEBUG\通讯录管理系统.EXE.EMBED.MANIFEST
C:\USERS\LINAOM\DESKTOP\DEMO\DATA\通讯录管理系统\通讯录管理系统\DEBUG\通讯录管理系统.EXE.EMBED.MANIFEST.RES
C:\Users\Linaom\Desktop\Demo\data\通讯录管理系统\通讯录管理系统\Debug\通讯录管理系统.exe.intermediate.manifest
C:\Users\Linaom\Desktop\Demo\data\通讯录管理系统\通讯录管理系统\Debug\通讯录管理系统.vcxprojResolveAssemblyReference.cache
C:\Users\Linaom\Desktop\Demo\data\通讯录管理系统\通讯录管理系统\Debug\通讯录管理系统.write.1.tlog
C:\Users\Linaom\Desktop\Demo\data\通讯录管理系统\通讯录管理系统\Debug\通讯录管理系统_manifest.rc
