生成启动时间为 2019/11/22 20:12:28。
     1>项目“C:\Users\Linaom\Desktop\Demo\data\圆类设计\圆类设计\圆类设计.vcxproj”在节点 2 上(build 个目标)。
     1>PrepareForBuild:
         正在创建目录“C:\Users\Linaom\Desktop\Demo\data\圆类设计\Debug\”。
       InitializeBuildStatus:
         正在创建“Debug\圆类设计.unsuccessfulbuild”，因为已指定“AlwaysCreate”。
       ClCompile:
         C:\Program Files (x86)\Microsoft Visual Studio 10.0\VC\bin\CL.exe /c /ZI /nologo /W3 /WX- /Od /Oy- /D WIN32 /D _DEBUG /D _CONSOLE /D _UNICODE /D UNICODE /Gm /EHsc /RTC1 /MDd /GS /fp:precise /Zc:wchar_t /Zc:forScope /Fo"Debug\\" /Fd"Debug\vc100.pdb" /Gd /TP /analyze- /errorReport:prompt Circle.cpp Point.cpp "圆类.cpp"
         圆类.cpp
         Point.cpp
         Circle.cpp
         正在生成代码...
       ManifestResourceCompile:
         C:\Program Files (x86)\Microsoft SDKs\Windows\v7.0A\bin\rc.exe /nologo /fo"Debug\圆类设计.exe.embed.manifest.res" "Debug\圆类设计_manifest.rc" 
       Link:
         C:\Program Files (x86)\Microsoft Visual Studio 10.0\VC\bin\link.exe /ERRORREPORT:PROMPT /OUT:"C:\Users\Linaom\Desktop\Demo\data\圆类设计\Debug\圆类设计.exe" /INCREMENTAL /NOLOGO kernel32.lib user32.lib gdi32.lib winspool.lib comdlg32.lib advapi32.lib shell32.lib ole32.lib oleaut32.lib uuid.lib odbc32.lib odbccp32.lib /MANIFEST /ManifestFile:"Debug\圆类设计.exe.intermediate.manifest" /MANIFESTUAC:"level='asInvoker' uiAccess='false'" /DEBUG /PDB:"C:\Users\Linaom\Desktop\Demo\data\圆类设计\Debug\圆类设计.pdb" /SUBSYSTEM:CONSOLE /TLBID:1 /DYNAMICBASE /NXCOMPAT /IMPLIB:"C:\Users\Linaom\Desktop\Demo\data\圆类设计\Debug\圆类设计.lib" /MACHINE:X86 "Debug\圆类设计.exe.embed.manifest.res"
         Debug\Circle.obj
         Debug\Point.obj
         "Debug\圆类.obj"
       Manifest:
         C:\Program Files (x86)\Microsoft SDKs\Windows\v7.0A\bin\mt.exe /nologo /verbose /out:"Debug\圆类设计.exe.embed.manifest" /manifest "Debug\圆类设计.exe.intermediate.manifest"
         C:\Program Files (x86)\Microsoft SDKs\Windows\v7.0A\bin\rc.exe /nologo /fo"Debug\圆类设计.exe.embed.manifest.res" "Debug\圆类设计_manifest.rc" 
       LinkEmbedManifest:
         C:\Program Files (x86)\Microsoft Visual Studio 10.0\VC\bin\link.exe /ERRORREPORT:PROMPT /OUT:"C:\Users\Linaom\Desktop\Demo\data\圆类设计\Debug\圆类设计.exe" /INCREMENTAL /NOLOGO kernel32.lib user32.lib gdi32.lib winspool.lib comdlg32.lib advapi32.lib shell32.lib ole32.lib oleaut32.lib uuid.lib odbc32.lib odbccp32.lib /MANIFEST /ManifestFile:"Debug\圆类设计.exe.intermediate.manifest" /MANIFESTUAC:"level='asInvoker' uiAccess='false'" /DEBUG /PDB:"C:\Users\Linaom\Desktop\Demo\data\圆类设计\Debug\圆类设计.pdb" /SUBSYSTEM:CONSOLE /TLBID:1 /DYNAMICBASE /NXCOMPAT /IMPLIB:"C:\Users\Linaom\Desktop\Demo\data\圆类设计\Debug\圆类设计.lib" /MACHINE:X86 "Debug\圆类设计.exe.embed.manifest.res"
         Debug\Circle.obj
         Debug\Point.obj
         "Debug\圆类.obj"
         圆类设计.vcxproj -> C:\Users\Linaom\Desktop\Demo\data\圆类设计\Debug\圆类设计.exe
       FinalizeBuildStatus:
         正在删除文件“Debug\圆类设计.unsuccessfulbuild”。
         正在对“Debug\圆类设计.lastbuildstate”执行 Touch 任务。
     1>已完成生成项目“C:\Users\Linaom\Desktop\Demo\data\圆类设计\圆类设计\圆类设计.vcxproj”(build 个目标)的操作。

生成成功。

已用时间 00:00:03.38
